Arguments: 
  C:\Program Files\nodejs\node.exe C:\Program Files (x86)\Yarn\bin\yarn.js init

PATH: 
  C:\Users\Aspire VX\Documents\cmder_mini\bin;C:\Users\Aspire VX\Documents\cmder_mini\vendor\bin;C:\Users\Aspire VX\Documents\cmder_mini\vendor\conemu-maximus5\ConEmu\Scripts;C:\Users\Aspire VX\Documents\cmder_mini\vendor\conemu-maximus5;C:\Users\Aspire VX\Documents\cmder_mini\vendor\conemu-maximus5\ConEmu;C:\Program Files (x86)\Intel\iCLS Client\;C:\Program Files\Intel\iCLS Client\;C:\Windows\system32;C:\Windows;C:\Windows\System32\Wbem;C:\Windows\System32\WindowsPowerShell\v1.0\;C:\Program Files (x86)\Intel\Intel(R) Management Engine Components\DAL;C:\Program Files\Intel\Intel(R) Management Engine Components\DAL;C:\Program Files (x86)\Intel\Intel(R) Management Engine Components\IPT;C:\Program Files\Intel\Intel(R) Management Engine Components\IPT;C:\Program Files (x86)\NVIDIA Corporation\PhysX\Common;C:\Program Files\Intel\WiFi\bin\;C:\Program Files\Common Files\Intel\WirelessCommon\;C:\WINDOWS\system32;C:\WINDOWS;C:\WINDOWS\System32\Wbem;C:\WINDOWS\System32\WindowsPowerShell\v1.0\;C:\WINDOWS\System32\OpenSSH\;C:\Program Files\nodejs\;C:\Program Files\Git\cmd;C:\Program Files (x86)\Yarn\bin\;C:\Program Files\dotnet\;C:\Program Files\Microsoft SQL Server\130\Tools\Binn\;C:\Program Files\Microsoft SQL Server\Client SDK\ODBC\170\Tools\Binn\;C:\Users\Aspire VX\AppData\Local\hyper\app-3.0.2\resources\bin;C:\Users\Aspire VX\AppData\Local\Programs\Python\Python37-32\Scripts\;C:\Users\Aspire VX\AppData\Local\Programs\Python\Python37-32\;%USERPROFILE%\AppData\Local\Microsoft\WindowsApps;C:\Users\Aspire VX\AppData\Roaming\npm;C:\Users\Aspire VX\AppData\Local\Programs\Microsoft VS Code\bin;C:\Users\Aspire VX\AppData\Local\Yarn\bin;C:\Program Files\heroku\bin;C:\Users\Aspire VX\AppData\Local\hyper\app-3.0.2\resources\bin;C:\Program Files\Git\cmd;C:\Program Files\Git\mingw64\bin;C:\Program Files\Git\usr\bin;C:\Users\Aspire VX\Documents\cmder_mini

Yarn version: 
  1.16.0

Node version: 
  10.15.3

Platform: 
  win32 x64

Trace: 
  Error: canceled
      at Interface.<anonymous> (C:\Program Files (x86)\Yarn\lib\cli.js:125850:13)
      at Interface.emit (events.js:189:13)
      at Interface._ttyWrite (readline.js:783:16)
      at ReadStream.onkeypress (readline.js:168:10)
      at ReadStream.emit (events.js:189:13)
      at emitKeys (internal/readline.js:424:14)
      at emitKeys.next (<anonymous>)
      at ReadStream.onData (readline.js:1022:36)
      at ReadStream.emit (events.js:189:13)
      at addChunk (_stream_readable.js:284:12)

npm manifest: 
  No manifest

yarn manifest: 
  No manifest

Lockfile: 
  No lockfile
